<?xml version="1.0" encoding="UTF-8"?>
<!-- Generated by org.testng.reporters.JUnitXMLReporter -->
<testsuite hostname="Unni-PC" ignored="0" name="Test" tests="7" failures="3" timestamp="28 Jan 2022 15:47:09 GMT" time="130.435" errors="0">
  <testcase name="loginTest" time="11.742" classname="com.akBanking.testCases.TC_Logintest_001"/>
  <testcase name="loginDDT" time="12.246" classname="com.akBanking.testCases.TC_LogintestDP_002"/>
  <testcase name="loginDDT" time="14.544" classname="com.akBanking.testCases.TC_LogintestDP_002"/>
  <testcase name="loginDDT" time="6.538" classname="com.akBanking.testCases.TC_LogintestDP_002">
    <failure type="java.lang.AssertionError" message="expected [true] but found [false]">
      <![CDATA[java.lang.AssertionError: expected [true] but found [false]
at com.akBanking.testCases.TC_LogintestDP_002.loginDDT(TC_LogintestDP_002.java:35)
... Removed 32 stack frames]]>
    </failure>
  </testcase> <!-- loginDDT -->
  <testcase name="loginDDT" time="6.186" classname="com.akBanking.testCases.TC_LogintestDP_002">
    <failure type="java.lang.AssertionError" message="expected [true] but found [false]">
      <![CDATA[java.lang.AssertionError: expected [true] but found [false]
at com.akBanking.testCases.TC_LogintestDP_002.loginDDT(TC_LogintestDP_002.java:35)
... Removed 32 stack frames]]>
    </failure>
  </testcase> <!-- loginDDT -->
  <testcase name="loginDDT" time="5.692" classname="com.akBanking.testCases.TC_LogintestDP_002">
    <failure type="java.lang.AssertionError" message="expected [true] but found [false]">
      <![CDATA[java.lang.AssertionError: expected [true] but found [false]
at com.akBanking.testCases.TC_LogintestDP_002.loginDDT(TC_LogintestDP_002.java:35)
... Removed 32 stack frames]]>
    </failure>
  </testcase> <!-- loginDDT -->
  <testcase name="addNewCustomer" time="19.545" classname="com.akBanking.testCases.TC_AddCustomertest_003"/>
</testsuite> <!-- Test -->
