<?xml version="1.0" encoding="UTF-8"?>
<!-- Generated by org.testng.reporters.JUnitXMLReporter -->
<testsuite hostname="Unni-PC" ignored="0" name="Test(failed)" tests="1" failures="1" timestamp="24 Jan 2022 10:39:44 GMT" time="14.16" errors="0">
  <testcase name="loginTest" time="9.831" classname="com.akBanking.testCases.TC_Logintest_001">
    <failure type="java.lang.AssertionError" message="expected [true] but found [false]">
      <![CDATA[java.lang.AssertionError: expected [true] but found [false]
at com.akBanking.testCases.TC_Logintest_001.loginTest(TC_Logintest_001.java:43)
... Removed 29 stack frames]]>
    </failure>
  </testcase> <!-- loginTest -->
</testsuite> <!-- Test(failed) -->
